app/build/outputs/logs/manifest-merger-debug-report.txt
-- Merging decision tree log ---
manifest
ADDED from src\main\AndroidManifest.xml:2:1-123:12
	xmlns:android
		ADDED from src\main\AndroidManifest.xml:2:11-69
	package
		ADDED from src\main\AndroidManifest.xml:3:5-38
		INJECTED from src\main\AndroidManifest.xml
		INJECTED from src\main\AndroidManifest.xml
	android:versionName
		ADDED from src\main\AndroidManifest.xml:5:5-30
		INJECTED from src\main\AndroidManifest.xml
		INJECTED from src\main\AndroidManifest.xml
	android:versionCode
		ADDED from src\main\AndroidManifest.xml:4:5-28
		INJECTED from src\main\AndroidManifest.xml
		INJECTED from src\main\AndroidManifest.xml
instrumentation#android.test.InstrumentationTestRunner
ADDED from src\main\AndroidManifest.xml:6:5-8:59
	android:targetPackage
		ADDED from src\main\AndroidManifest.xml:8:9-56
	android:name
		ADDED from src\main\AndroidManifest.xml:7:9-62
uses-sdk
ADDED from src\main\AndroidManifest.xml:9:5-11:41
MERGED from [com.android.support:support-v4:23.1.1] AndroidManifest.xml:20:5-43
	android:targetSdkVersion
		ADDED from src\main\AndroidManifest.xml:11:9-38
		INJECTED from src\main\AndroidManifest.xml
		INJECTED from src\main\AndroidManifest.xml
	android:minSdkVersion
		ADDED from src\main\AndroidManifest.xml:10:9-35
		INJECTED from src\main\AndroidManifest.xml
		INJECTED from src\main\AndroidManifest.xml
uses-permission#android.permission.READ_CONTACTS
ADDED from src\main\AndroidManifest.xml:12:5-71
	android:name
		ADDED from src\main\AndroidManifest.xml:12:22-69
uses-permission#android.permission.INTERNET
ADDED from src\main\AndroidManifest.xml:13:5-67
	android:name
		ADDED from src\main\AndroidManifest.xml:13:22-64
uses-permission#android.permission.ACCESS_NETWORK_STATE
ADDED from src\main\AndroidManifest.xml:14:5-79
	android:name
		ADDED from src\main\AndroidManifest.xml:14:22-76
uses-permission#android.permission.WRITE_EXTERNAL_STORAGE
ADDED from src\main\AndroidManifest.xml:15:5-81
	android:name
		ADDED from src\main\AndroidManifest.xml:15:22-78
uses-permission#android.permission.READ_EXTERNAL_STORAGE
ADDED from src\main\AndroidManifest.xml:16:5-80
	android:name
		ADDED from src\main\AndroidManifest.xml:16:22-77
uses-permission#android.permission.READ_PHONE_STATE
ADDED from src\main\AndroidManifest.xml:17:5-75
	android:name
		ADDED from src\main\AndroidManifest.xml:17:22-72
uses-permission#android.permission.ACCESS_WIFI_STATE
ADDED from src\main\AndroidManifest.xml:18:5-76
	android:name
		ADDED from src\main\AndroidManifest.xml:18:22-73
uses-permission#android.permission.ACCESS_SUPERUSER
ADDED from src\main\AndroidManifest.xml:19:5-75
	android:name
		ADDED from src\main\AndroidManifest.xml:19:22-72
application
ADDED from src\main\AndroidManifest.xml:21:5-121:19
MERGED from [com.android.support:support-v4:23.1.1] AndroidManifest.xml:22:5-20
	android:label
		ADDED from src\main\AndroidManifest.xml:25:9-31
	android:allowBackup
		ADDED from src\main\AndroidManifest.xml:22:9-35
	android:icon
		ADDED from src\main\AndroidManifest.xml:24:9-45
	android:theme
		ADDED from src\main\AndroidManifest.xml:26:9-40
	android:name
		ADDED from src\main\AndroidManifest.xml:23:9-56
uses-library#android.test.runner
ADDED from src\main\AndroidManifest.xml:27:10-61
	android:name
		ADDED from src\main\AndroidManifest.xml:27:24-58
activity#com.example.demo.MainActivity
ADDED from src\main\AndroidManifest.xml:28:9-35:20
	android:label
		ADDED from src\main\AndroidManifest.xml:30:13-35
	android:name
		ADDED from src\main\AndroidManifest.xml:29:13-57
intent-filter#android.intent.action.MAIN+android.intent.category.LAUNCHER
ADDED from src\main\AndroidManifest.xml:31:13-34:29
action#android.intent.action.MAIN
ADDED from src\main\AndroidManifest.xml:32:17-69
	android:name
		ADDED from src\main\AndroidManifest.xml:32:25-66
category#android.intent.category.LAUNCHER
ADDED from src\main\AndroidManifest.xml:33:17-77
	android:name
		ADDED from src\main\AndroidManifest.xml:33:27-74
activity#com.activity.FloatActionButtonActivity
ADDED from src\main\AndroidManifest.xml:38:9-43:20
	android:label
		ADDED from src\main\AndroidManifest.xml:39:13-49
	android:name
		ADDED from src\main\AndroidManifest.xml:38:19-72
intent-filter#com.example.demo.demoaction2
ADDED from src\main\AndroidManifest.xml:40:13-42:29
action#com.example.demo.demoaction2
ADDED from src\main\AndroidManifest.xml:41:17-70
	android:name
		ADDED from src\main\AndroidManifest.xml:41:25-68
activity#com.activity.BitmapTransActivity
ADDED from src\main\AndroidManifest.xml:45:9-50:20
	android:label
		ADDED from src\main\AndroidManifest.xml:46:13-48
	android:name
		ADDED from src\main\AndroidManifest.xml:45:19-66
activity#com.activity.RecyclerViewActivity
ADDED from src\main\AndroidManifest.xml:52:9-57:20
	android:label
		ADDED from src\main\AndroidManifest.xml:53:13-47
	android:name
		ADDED from src\main\AndroidManifest.xml:52:19-67
activity#com.activity.AnnotationActivity
ADDED from src\main\AndroidManifest.xml:59:9-64:20
	android:label
		ADDED from src\main\AndroidManifest.xml:60:13-47
	android:name
		ADDED from src\main\AndroidManifest.xml:59:19-65
activity#com.activity.SwipFlingActivity
ADDED from src\main\AndroidManifest.xml:66:9-71:20
	android:label
		ADDED from src\main\AndroidManifest.xml:67:13-46
	android:name
		ADDED from src\main\AndroidManifest.xml:66:19-64
activity#com.activity.WIfiConnectActivity
ADDED from src\main\AndroidManifest.xml:73:9-78:20
	android:label
		ADDED from src\main\AndroidManifest.xml:74:13-48
	android:name
		ADDED from src\main\AndroidManifest.xml:73:19-66
activity#com.activity.DiskUsageActivity
ADDED from src\main\AndroidManifest.xml:80:9-85:20
	android:label
		ADDED from src\main\AndroidManifest.xml:81:13-46
	android:name
		ADDED from src\main\AndroidManifest.xml:80:19-64
activity#com.activity.DataStructureActivity
ADDED from src\main\AndroidManifest.xml:87:9-92:20
	android:label
		ADDED from src\main\AndroidManifest.xml:88:13-50
	android:name
		ADDED from src\main\AndroidManifest.xml:87:19-68
activity#com.activity.CustomViewListActivity
ADDED from src\main\AndroidManifest.xml:94:9-99:20
	android:label
		ADDED from src\main\AndroidManifest.xml:95:13-43
	android:name
		ADDED from src\main\AndroidManifest.xml:94:19-69
activity#com.activity.CustomView_Circule
ADDED from src\main\AndroidManifest.xml:101:9-106:20
	android:label
		ADDED from src\main\AndroidManifest.xml:102:13-29
	android:name
		ADDED from src\main\AndroidManifest.xml:101:19-65
activity#com.activity.ViewPagerTestActivity
ADDED from src\main\AndroidManifest.xml:108:9-113:20
	android:label
		ADDED from src\main\AndroidManifest.xml:109:13-46
	android:name
		ADDED from src\main\AndroidManifest.xml:108:19-68
activity#com.activity.ListItemViewActivity
ADDED from src\main\AndroidManifest.xml:115:9-120:20
	android:label
		ADDED from src\main\AndroidManifest.xml:116:13-53
	android:name
		ADDED from src\main\AndroidManifest.xml:115:19-67